\BOOKMARK [0][-]{chapter.1}{\376\377\0001\000\040\000I\000n\000d\000e\000x\000\040\000d\000e\000s\000\040\000e\000s\000p\000a\000c\000e\000s\000\040\000d\000e\000\040\000n\000o\000m\000m\000a\000g\000e}{}% 1
\BOOKMARK [1][-]{section.1.1}{\376\377\0001\000.\0001\000\040\000P\000a\000q\000u\000e\000t\000a\000g\000e\000s}{chapter.1}% 2
\BOOKMARK [0][-]{chapter.2}{\376\377\0002\000\040\000I\000n\000d\000e\000x\000\040\000h\000i\000\351\000r\000a\000r\000c\000h\000i\000q\000u\000e}{}% 3
\BOOKMARK [1][-]{section.2.1}{\376\377\0002\000.\0001\000\040\000H\000i\000\351\000r\000a\000r\000c\000h\000i\000e\000\040\000d\000e\000s\000\040\000c\000l\000a\000s\000s\000e\000s}{chapter.2}% 4
\BOOKMARK [0][-]{chapter.3}{\376\377\0003\000\040\000I\000n\000d\000e\000x\000\040\000d\000e\000s\000\040\000c\000l\000a\000s\000s\000e\000s}{}% 5
\BOOKMARK [1][-]{section.3.1}{\376\377\0003\000.\0001\000\040\000L\000i\000s\000t\000e\000\040\000d\000e\000s\000\040\000c\000l\000a\000s\000s\000e\000s}{chapter.3}% 6
\BOOKMARK [0][-]{chapter.4}{\376\377\0004\000\040\000D\000o\000c\000u\000m\000e\000n\000t\000a\000t\000i\000o\000n\000\040\000d\000e\000s\000\040\000e\000s\000p\000a\000c\000e\000s\000\040\000d\000e\000\040\000n\000o\000m\000m\000a\000g\000e}{}% 7
\BOOKMARK [1][-]{section.4.1}{\376\377\0004\000.\0001\000\040\000P\000a\000q\000u\000e\000t\000a\000g\000e\000\040\000J\000a\000g\000o\000a\000n\000F\000i\000s\000i\000k\000a}{chapter.4}% 8
\BOOKMARK [1][-]{section.4.2}{\376\377\0004\000.\0002\000\040\000P\000a\000q\000u\000e\000t\000a\000g\000e\000\040\000J\000a\000g\000o\000a\000n\000F\000i\000s\000i\000k\000a\000.\000P\000r\000o\000p\000e\000r\000t\000i\000e\000s}{chapter.4}% 9
\BOOKMARK [1][-]{section.4.3}{\376\377\0004\000.\0003\000\040\000P\000a\000q\000u\000e\000t\000a\000g\000e\000\040\000W\000P\000F\000P\000a\000g\000e\000S\000w\000i\000t\000c\000h}{chapter.4}% 10
\BOOKMARK [2][-]{subsection.4.3.1}{\376\377\0004\000.\0003\000.\0001\000\040\000D\000e\000s\000c\000r\000i\000p\000t\000i\000o\000n\000\040\000d\000\351\000t\000a\000i\000l\000l\000\351\000e}{section.4.3}% 11
\BOOKMARK [1][-]{section.4.4}{\376\377\0004\000.\0004\000\040\000P\000a\000q\000u\000e\000t\000a\000g\000e\000\040\000W\000P\000F\000P\000a\000g\000e\000S\000w\000i\000t\000c\000h\000.\000M\000e\000n\000u}{chapter.4}% 12
\BOOKMARK [1][-]{section.4.5}{\376\377\0004\000.\0005\000\040\000P\000a\000q\000u\000e\000t\000a\000g\000e\000\040\000W\000P\000F\000P\000a\000g\000e\000S\000w\000i\000t\000c\000h\000.\000P\000r\000o\000p\000e\000r\000t\000i\000e\000s}{chapter.4}% 13
\BOOKMARK [1][-]{section.4.6}{\376\377\0004\000.\0006\000\040\000P\000a\000q\000u\000e\000t\000a\000g\000e\000\040\000X\000a\000m\000l\000G\000e\000n\000e\000r\000a\000t\000e\000d\000N\000a\000m\000e\000s\000p\000a\000c\000e}{chapter.4}% 14
\BOOKMARK [0][-]{chapter.5}{\376\377\0005\000\040\000D\000o\000c\000u\000m\000e\000n\000t\000a\000t\000i\000o\000n\000\040\000d\000e\000s\000\040\000c\000l\000a\000s\000s\000e\000s}{}% 15
\BOOKMARK [1][-]{section.5.1}{\376\377\0005\000.\0001\000\040\000R\000\351\000f\000\351\000r\000e\000n\000c\000e\000\040\000d\000e\000\040\000l\000a\000\040\000c\000l\000a\000s\000s\000e\000\040\000W\000P\000F\000P\000a\000g\000e\000S\000w\000i\000t\000c\000h\000.\000A\000c\000t\000i\000o\000n\000E\000v\000e\000n\000t\000A\000r\000g\000s}{chapter.5}% 16
\BOOKMARK [1][-]{section.5.2}{\376\377\0005\000.\0002\000\040\000R\000\351\000f\000\351\000r\000e\000n\000c\000e\000\040\000d\000e\000\040\000l\000a\000\040\000c\000l\000a\000s\000s\000e\000\040\000W\000P\000F\000P\000a\000g\000e\000S\000w\000i\000t\000c\000h\000.\000A\000p\000p}{chapter.5}% 17
\BOOKMARK [2][-]{subsection.5.2.1}{\376\377\0005\000.\0002\000.\0001\000\040\000D\000e\000s\000c\000r\000i\000p\000t\000i\000o\000n\000\040\000d\000\351\000t\000a\000i\000l\000l\000\351\000e}{section.5.2}% 18
\BOOKMARK [2][-]{subsection.5.2.2}{\376\377\0005\000.\0002\000.\0002\000\040\000D\000o\000c\000u\000m\000e\000n\000t\000a\000t\000i\000o\000n\000\040\000d\000e\000s\000\040\000f\000o\000n\000c\000t\000i\000o\000n\000s\000\040\000m\000e\000m\000b\000r\000e\000s}{section.5.2}% 19
\BOOKMARK [3][-]{subsubsection.5.2.2.1}{\376\377\0005\000.\0002\000.\0002\000.\0001\000\040\000I\000n\000i\000t\000i\000a\000l\000i\000z\000e\000C\000o\000m\000p\000o\000n\000e\000n\000t}{subsection.5.2.2}% 20
\BOOKMARK [3][-]{subsubsection.5.2.2.2}{\376\377\0005\000.\0002\000.\0002\000.\0002\000\040\000I\000n\000i\000t\000i\000a\000l\000i\000z\000e\000C\000o\000m\000p\000o\000n\000e\000n\000t}{subsection.5.2.2}% 21
\BOOKMARK [3][-]{subsubsection.5.2.2.3}{\376\377\0005\000.\0002\000.\0002\000.\0003\000\040\000M\000a\000i\000n}{subsection.5.2.2}% 22
\BOOKMARK [3][-]{subsubsection.5.2.2.4}{\376\377\0005\000.\0002\000.\0002\000.\0004\000\040\000M\000a\000i\000n}{subsection.5.2.2}% 23
\BOOKMARK [1][-]{section.5.3}{\376\377\0005\000.\0003\000\040\000R\000\351\000f\000\351\000r\000e\000n\000c\000e\000\040\000d\000e\000\040\000l\000a\000\040\000c\000l\000a\000s\000s\000e\000\040\000J\000a\000g\000o\000a\000n\000F\000i\000s\000i\000k\000a\000.\000A\000p\000p}{chapter.5}% 24
\BOOKMARK [2][-]{subsection.5.3.1}{\376\377\0005\000.\0003\000.\0001\000\040\000D\000e\000s\000c\000r\000i\000p\000t\000i\000o\000n\000\040\000d\000\351\000t\000a\000i\000l\000l\000\351\000e}{section.5.3}% 25
\BOOKMARK [1][-]{section.5.4}{\376\377\0005\000.\0004\000\040\000R\000\351\000f\000\351\000r\000e\000n\000c\000e\000\040\000d\000e\000\040\000l\000a\000\040\000c\000l\000a\000s\000s\000e\000\040\000W\000P\000F\000P\000a\000g\000e\000S\000w\000i\000t\000c\000h\000.\000B\000u\000t\000t\000o\000n\000P\000o\000s\000i\000t\000i\000o\000n}{chapter.5}% 26
\BOOKMARK [2][-]{subsection.5.4.1}{\376\377\0005\000.\0004\000.\0001\000\040\000D\000e\000s\000c\000r\000i\000p\000t\000i\000o\000n\000\040\000d\000\351\000t\000a\000i\000l\000l\000\351\000e}{section.5.4}% 27
\BOOKMARK [1][-]{section.5.5}{\376\377\0005\000.\0005\000\040\000R\000\351\000f\000\351\000r\000e\000n\000c\000e\000\040\000d\000e\000\040\000l\000a\000\040\000c\000l\000a\000s\000s\000e\000\040\000W\000P\000F\000P\000a\000g\000e\000S\000w\000i\000t\000c\000h\000.\000C\000h\000o\000i\000x\000C\000h\000a\000p\000e\000a\000u\000x}{chapter.5}% 28
\BOOKMARK [2][-]{subsection.5.5.1}{\376\377\0005\000.\0005\000.\0001\000\040\000D\000e\000s\000c\000r\000i\000p\000t\000i\000o\000n\000\040\000d\000\351\000t\000a\000i\000l\000l\000\351\000e}{section.5.5}% 29
\BOOKMARK [2][-]{subsection.5.5.2}{\376\377\0005\000.\0005\000.\0002\000\040\000D\000o\000c\000u\000m\000e\000n\000t\000a\000t\000i\000o\000n\000\040\000d\000e\000s\000\040\000f\000o\000n\000c\000t\000i\000o\000n\000s\000\040\000m\000e\000m\000b\000r\000e\000s}{section.5.5}% 30
\BOOKMARK [3][-]{subsubsection.5.5.2.1}{\376\377\0005\000.\0005\000.\0002\000.\0001\000\040\000I\000n\000i\000t\000i\000a\000l\000i\000z\000e\000C\000o\000m\000p\000o\000n\000e\000n\000t}{subsection.5.5.2}% 31
\BOOKMARK [1][-]{section.5.6}{\376\377\0005\000.\0006\000\040\000R\000\351\000f\000\351\000r\000e\000n\000c\000e\000\040\000d\000e\000\040\000l\000a\000\040\000c\000l\000a\000s\000s\000e\000\040\000W\000P\000F\000P\000a\000g\000e\000S\000w\000i\000t\000c\000h\000.\000C\000h\000o\000i\000x\000V\000e\000t\000e\000m\000e\000n\000t\000s}{chapter.5}% 32
\BOOKMARK [2][-]{subsection.5.6.1}{\376\377\0005\000.\0006\000.\0001\000\040\000D\000e\000s\000c\000r\000i\000p\000t\000i\000o\000n\000\040\000d\000\351\000t\000a\000i\000l\000l\000\351\000e}{section.5.6}% 33
\BOOKMARK [2][-]{subsection.5.6.2}{\376\377\0005\000.\0006\000.\0002\000\040\000D\000o\000c\000u\000m\000e\000n\000t\000a\000t\000i\000o\000n\000\040\000d\000e\000s\000\040\000f\000o\000n\000c\000t\000i\000o\000n\000s\000\040\000m\000e\000m\000b\000r\000e\000s}{section.5.6}% 34
\BOOKMARK [3][-]{subsubsection.5.6.2.1}{\376\377\0005\000.\0006\000.\0002\000.\0001\000\040\000I\000n\000i\000t\000i\000a\000l\000i\000z\000e\000C\000o\000m\000p\000o\000n\000e\000n\000t}{subsection.5.6.2}% 35
\BOOKMARK [1][-]{section.5.7}{\376\377\0005\000.\0007\000\040\000R\000\351\000f\000\351\000r\000e\000n\000c\000e\000\040\000d\000e\000\040\000l\000a\000\040\000c\000l\000a\000s\000s\000e\000\040\000W\000P\000F\000P\000a\000g\000e\000S\000w\000i\000t\000c\000h\000.\000C\000o\000n\000f\000i\000g}{chapter.5}% 36
\BOOKMARK [2][-]{subsection.5.7.1}{\376\377\0005\000.\0007\000.\0001\000\040\000D\000e\000s\000c\000r\000i\000p\000t\000i\000o\000n\000\040\000d\000\351\000t\000a\000i\000l\000l\000\351\000e}{section.5.7}% 37
\BOOKMARK [2][-]{subsection.5.7.2}{\376\377\0005\000.\0007\000.\0002\000\040\000D\000o\000c\000u\000m\000e\000n\000t\000a\000t\000i\000o\000n\000\040\000d\000e\000s\000\040\000f\000o\000n\000c\000t\000i\000o\000n\000s\000\040\000m\000e\000m\000b\000r\000e\000s}{section.5.7}% 38
\BOOKMARK [3][-]{subsubsection.5.7.2.1}{\376\377\0005\000.\0007\000.\0002\000.\0001\000\040\000p\000r\000o\000p\000o\000r\000t\000i\000o\000n\000S\000c\000a\000l\000e\000X}{subsection.5.7.2}% 39
\BOOKMARK [3][-]{subsubsection.5.7.2.2}{\376\377\0005\000.\0007\000.\0002\000.\0002\000\040\000p\000r\000o\000p\000o\000r\000t\000i\000o\000n\000S\000c\000a\000l\000e\000Y}{subsection.5.7.2}% 40
\BOOKMARK [1][-]{section.5.8}{\376\377\0005\000.\0008\000\040\000R\000\351\000f\000\351\000r\000e\000n\000c\000e\000\040\000d\000e\000\040\000l\000a\000\040\000c\000l\000a\000s\000s\000e\000\040\000W\000P\000F\000P\000a\000g\000e\000S\000w\000i\000t\000c\000h\000.\000C\000u\000r\000s\000o\000r\000P\000o\000i\000n\000t}{chapter.5}% 41
\BOOKMARK [2][-]{subsection.5.8.1}{\376\377\0005\000.\0008\000.\0001\000\040\000D\000e\000s\000c\000r\000i\000p\000t\000i\000o\000n\000\040\000d\000\351\000t\000a\000i\000l\000l\000\351\000e}{section.5.8}% 42
\BOOKMARK [1][-]{section.5.9}{\376\377\0005\000.\0009\000\040\000R\000\351\000f\000\351\000r\000e\000n\000c\000e\000\040\000d\000e\000\040\000l\000a\000\040\000c\000l\000a\000s\000s\000e\000\040\000W\000P\000F\000P\000a\000g\000e\000S\000w\000i\000t\000c\000h\000.\000G\000a\000m\000e\000p\000l\000a\000y}{chapter.5}% 43
\BOOKMARK [2][-]{subsection.5.9.1}{\376\377\0005\000.\0009\000.\0001\000\040\000D\000e\000s\000c\000r\000i\000p\000t\000i\000o\000n\000\040\000d\000\351\000t\000a\000i\000l\000l\000\351\000e}{section.5.9}% 44
\BOOKMARK [2][-]{subsection.5.9.2}{\376\377\0005\000.\0009\000.\0002\000\040\000D\000o\000c\000u\000m\000e\000n\000t\000a\000t\000i\000o\000n\000\040\000d\000e\000s\000\040\000f\000o\000n\000c\000t\000i\000o\000n\000s\000\040\000m\000e\000m\000b\000r\000e\000s}{section.5.9}% 45
\BOOKMARK [3][-]{subsubsection.5.9.2.1}{\376\377\0005\000.\0009\000.\0002\000.\0001\000\040\000I\000n\000i\000t\000i\000a\000l\000i\000z\000e\000C\000o\000m\000p\000o\000n\000e\000n\000t}{subsection.5.9.2}% 46
\BOOKMARK [3][-]{subsubsection.5.9.2.2}{\376\377\0005\000.\0009\000.\0002\000.\0002\000\040\000I\000n\000i\000t\000i\000a\000l\000i\000z\000e\000C\000o\000m\000p\000o\000n\000e\000n\000t}{subsection.5.9.2}% 47
\BOOKMARK [1][-]{section.5.10}{\376\377\0005\000.\0001\0000\000\040\000R\000\351\000f\000\351\000r\000e\000n\000c\000e\000\040\000d\000e\000\040\000l\000a\000\040\000c\000l\000a\000s\000s\000e\000\040\000J\000a\000g\000o\000a\000n\000F\000i\000s\000i\000k\000a\000.\000G\000a\000m\000e\000p\000l\000a\000y}{chapter.5}% 48
\BOOKMARK [1][-]{section.5.11}{\376\377\0005\000.\0001\0001\000\040\000R\000\351\000f\000\351\000r\000e\000n\000c\000e\000\040\000d\000e\000\040\000l\000a\000\040\000c\000l\000a\000s\000s\000e\000\040\000X\000a\000m\000l\000G\000e\000n\000e\000r\000a\000t\000e\000d\000N\000a\000m\000e\000s\000p\000a\000c\000e\000.\000G\000e\000n\000e\000r\000a\000t\000e\000d\000I\000n\000t\000e\000r\000n\000a\000l\000T\000y\000p\000e\000H\000e\000l\000p\000e\000r}{chapter.5}% 49
\BOOKMARK [2][-]{subsection.5.11.1}{\376\377\0005\000.\0001\0001\000.\0001\000\040\000D\000e\000s\000c\000r\000i\000p\000t\000i\000o\000n\000\040\000d\000\351\000t\000a\000i\000l\000l\000\351\000e}{section.5.11}% 50
\BOOKMARK [2][-]{subsection.5.11.2}{\376\377\0005\000.\0001\0001\000.\0002\000\040\000D\000o\000c\000u\000m\000e\000n\000t\000a\000t\000i\000o\000n\000\040\000d\000e\000s\000\040\000f\000o\000n\000c\000t\000i\000o\000n\000s\000\040\000m\000e\000m\000b\000r\000e\000s}{section.5.11}% 51
\BOOKMARK [3][-]{subsubsection.5.11.2.1}{\376\377\0005\000.\0001\0001\000.\0002\000.\0001\000\040\000A\000d\000d\000E\000v\000e\000n\000t\000H\000a\000n\000d\000l\000e\000r}{subsection.5.11.2}% 52
\BOOKMARK [3][-]{subsubsection.5.11.2.2}{\376\377\0005\000.\0001\0001\000.\0002\000.\0002\000\040\000A\000d\000d\000E\000v\000e\000n\000t\000H\000a\000n\000d\000l\000e\000r}{subsection.5.11.2}% 53
\BOOKMARK [3][-]{subsubsection.5.11.2.3}{\376\377\0005\000.\0001\0001\000.\0002\000.\0003\000\040\000C\000r\000e\000a\000t\000e\000D\000e\000l\000e\000g\000a\000t\000e}{subsection.5.11.2}% 54
\BOOKMARK [3][-]{subsubsection.5.11.2.4}{\376\377\0005\000.\0001\0001\000.\0002\000.\0004\000\040\000C\000r\000e\000a\000t\000e\000D\000e\000l\000e\000g\000a\000t\000e}{subsection.5.11.2}% 55
\BOOKMARK [3][-]{subsubsection.5.11.2.5}{\376\377\0005\000.\0001\0001\000.\0002\000.\0005\000\040\000C\000r\000e\000a\000t\000e\000I\000n\000s\000t\000a\000n\000c\000e}{subsection.5.11.2}% 56
\BOOKMARK [3][-]{subsubsection.5.11.2.6}{\376\377\0005\000.\0001\0001\000.\0002\000.\0006\000\040\000C\000r\000e\000a\000t\000e\000I\000n\000s\000t\000a\000n\000c\000e}{subsection.5.11.2}% 57
\BOOKMARK [3][-]{subsubsection.5.11.2.7}{\376\377\0005\000.\0001\0001\000.\0002\000.\0007\000\040\000G\000e\000t\000P\000r\000o\000p\000e\000r\000t\000y\000V\000a\000l\000u\000e}{subsection.5.11.2}% 58
\BOOKMARK [3][-]{subsubsection.5.11.2.8}{\376\377\0005\000.\0001\0001\000.\0002\000.\0008\000\040\000G\000e\000t\000P\000r\000o\000p\000e\000r\000t\000y\000V\000a\000l\000u\000e}{subsection.5.11.2}% 59
\BOOKMARK [3][-]{subsubsection.5.11.2.9}{\376\377\0005\000.\0001\0001\000.\0002\000.\0009\000\040\000S\000e\000t\000P\000r\000o\000p\000e\000r\000t\000y\000V\000a\000l\000u\000e}{subsection.5.11.2}% 60
\BOOKMARK [3][-]{subsubsection.5.11.2.10}{\376\377\0005\000.\0001\0001\000.\0002\000.\0001\0000\000\040\000S\000e\000t\000P\000r\000o\000p\000e\000r\000t\000y\000V\000a\000l\000u\000e}{subsection.5.11.2}% 61
\BOOKMARK [1][-]{section.5.12}{\376\377\0005\000.\0001\0002\000\040\000R\000\351\000f\000\351\000r\000e\000n\000c\000e\000\040\000d\000e\000\040\000l\000a\000\040\000c\000l\000a\000s\000s\000e\000\040\000W\000P\000F\000P\000a\000g\000e\000S\000w\000i\000t\000c\000h\000.\000G\000e\000s\000t\000i\000o\000n\000S\000e\000n\000s\000o\000r\000s}{chapter.5}% 62
\BOOKMARK [2][-]{subsection.5.12.1}{\376\377\0005\000.\0001\0002\000.\0001\000\040\000D\000e\000s\000c\000r\000i\000p\000t\000i\000o\000n\000\040\000d\000\351\000t\000a\000i\000l\000l\000\351\000e}{section.5.12}% 63
\BOOKMARK [2][-]{subsection.5.12.2}{\376\377\0005\000.\0001\0002\000.\0002\000\040\000D\000o\000c\000u\000m\000e\000n\000t\000a\000t\000i\000o\000n\000\040\000d\000e\000s\000\040\000c\000o\000n\000s\000t\000r\000u\000c\000t\000e\000u\000r\000s\000\040\000e\000t\000\040\000d\000e\000s\000t\000r\000u\000c\000t\000e\000u\000r}{section.5.12}% 64
\BOOKMARK [3][-]{subsubsection.5.12.2.1}{\376\377\0005\000.\0001\0002\000.\0002\000.\0001\000\040\000G\000e\000s\000t\000i\000o\000n\000S\000e\000n\000s\000o\000r\000s}{subsection.5.12.2}% 65
\BOOKMARK [2][-]{subsection.5.12.3}{\376\377\0005\000.\0001\0002\000.\0003\000\040\000D\000o\000c\000u\000m\000e\000n\000t\000a\000t\000i\000o\000n\000\040\000d\000e\000s\000\040\000f\000o\000n\000c\000t\000i\000o\000n\000s\000\040\000m\000e\000m\000b\000r\000e\000s}{section.5.12}% 66
\BOOKMARK [3][-]{subsubsection.5.12.3.1}{\376\377\0005\000.\0001\0002\000.\0003\000.\0001\000\040\000b\000i\000n\000d\000S\000e\000n\000s\000o\000r}{subsection.5.12.3}% 67
\BOOKMARK [3][-]{subsubsection.5.12.3.2}{\376\377\0005\000.\0001\0002\000.\0003\000.\0002\000\040\000c\000h\000a\000n\000g\000e\000S\000t\000a\000t\000e\000S\000e\000n\000s\000o\000r}{subsection.5.12.3}% 68
\BOOKMARK [3][-]{subsubsection.5.12.3.3}{\376\377\0005\000.\0001\0002\000.\0003\000.\0003\000\040\000h\000a\000v\000e\000S\000e\000n\000s\000o\000r\000s}{subsection.5.12.3}% 69
\BOOKMARK [3][-]{subsubsection.5.12.3.4}{\376\377\0005\000.\0001\0002\000.\0003\000.\0004\000\040\000S\000c\000a\000l\000e\000P\000o\000s\000i\000t\000i\000o\000n}{subsection.5.12.3}% 70
\BOOKMARK [3][-]{subsubsection.5.12.3.5}{\376\377\0005\000.\0001\0002\000.\0003\000.\0005\000\040\000s\000e\000n\000s\000o\000r\000\137\000C\000o\000l\000o\000r\000F\000r\000a\000m\000e\000R\000e\000a\000d\000y}{subsection.5.12.3}% 71
\BOOKMARK [3][-]{subsubsection.5.12.3.6}{\376\377\0005\000.\0001\0002\000.\0003\000.\0006\000\040\000u\000s\000e\000C\000o\000l\000o\000r\000S\000t\000r\000e\000a\000m}{subsection.5.12.3}% 72
\BOOKMARK [3][-]{subsubsection.5.12.3.7}{\376\377\0005\000.\0001\0002\000.\0003\000.\0007\000\040\000u\000s\000e\000D\000e\000p\000t\000h}{subsection.5.12.3}% 73
\BOOKMARK [3][-]{subsubsection.5.12.3.8}{\376\377\0005\000.\0001\0002\000.\0003\000.\0008\000\040\000u\000s\000e\000S\000e\000n\000s\000o\000r}{subsection.5.12.3}% 74
\BOOKMARK [3][-]{subsubsection.5.12.3.9}{\376\377\0005\000.\0001\0002\000.\0003\000.\0009\000\040\000u\000s\000e\000S\000k\000e\000l\000e\000t\000o\000n}{subsection.5.12.3}% 75
\BOOKMARK [2][-]{subsection.5.12.4}{\376\377\0005\000.\0001\0002\000.\0004\000\040\000D\000o\000c\000u\000m\000e\000n\000t\000a\000t\000i\000o\000n\000\040\000d\000e\000s\000\040\000d\000o\000n\000n\000\351\000e\000s\000\040\000m\000e\000m\000b\000r\000e\000s}{section.5.12}% 76
\BOOKMARK [3][-]{subsubsection.5.12.4.1}{\376\377\0005\000.\0001\0002\000.\0004\000.\0001\000\040\000S\000T\000A\000R\000T}{subsection.5.12.4}% 77
\BOOKMARK [3][-]{subsubsection.5.12.4.2}{\376\377\0005\000.\0001\0002\000.\0004\000.\0002\000\040\000S\000T\000O\000P}{subsection.5.12.4}% 78
\BOOKMARK [2][-]{subsection.5.12.5}{\376\377\0005\000.\0001\0002\000.\0005\000\040\000D\000o\000c\000u\000m\000e\000n\000t\000a\000t\000i\000o\000n\000\040\000d\000e\000s\000\040\000p\000r\000o\000p\000r\000i\000\351\000t\000\351\000s}{section.5.12}% 79
\BOOKMARK [3][-]{subsubsection.5.12.5.1}{\376\377\0005\000.\0001\0002\000.\0005\000.\0001\000\040\000n\000b\000S\000e\000n\000s\000o\000r\000s}{subsection.5.12.5}% 80
\BOOKMARK [3][-]{subsubsection.5.12.5.2}{\376\377\0005\000.\0001\0002\000.\0005\000.\0002\000\040\000s\000e\000n\000s\000o\000r}{subsection.5.12.5}% 81
\BOOKMARK [1][-]{section.5.13}{\376\377\0005\000.\0001\0003\000\040\000R\000\351\000f\000\351\000r\000e\000n\000c\000e\000\040\000d\000e\000\040\000l\000a\000\040\000c\000l\000a\000s\000s\000e\000\040\000W\000P\000F\000P\000a\000g\000e\000S\000w\000i\000t\000c\000h\000.\000G\000e\000s\000t\000u\000r\000e\000B\000u\000t\000t\000o\000n}{chapter.5}% 82
\BOOKMARK [2][-]{subsection.5.13.1}{\376\377\0005\000.\0001\0003\000.\0001\000\040\000D\000e\000s\000c\000r\000i\000p\000t\000i\000o\000n\000\040\000d\000\351\000t\000a\000i\000l\000l\000\351\000e}{section.5.13}% 83
\BOOKMARK [2][-]{subsection.5.13.2}{\376\377\0005\000.\0001\0003\000.\0002\000\040\000D\000o\000c\000u\000m\000e\000n\000t\000a\000t\000i\000o\000n\000\040\000d\000e\000s\000\040\000c\000o\000n\000s\000t\000r\000u\000c\000t\000e\000u\000r\000s\000\040\000e\000t\000\040\000d\000e\000s\000t\000r\000u\000c\000t\000e\000u\000r}{section.5.13}% 84
\BOOKMARK [3][-]{subsubsection.5.13.2.1}{\376\377\0005\000.\0001\0003\000.\0002\000.\0001\000\040\000G\000e\000s\000t\000u\000r\000e\000B\000u\000t\000t\000o\000n}{subsection.5.13.2}% 85
\BOOKMARK [2][-]{subsection.5.13.3}{\376\377\0005\000.\0001\0003\000.\0003\000\040\000D\000o\000c\000u\000m\000e\000n\000t\000a\000t\000i\000o\000n\000\040\000d\000e\000s\000\040\000f\000o\000n\000c\000t\000i\000o\000n\000s\000\040\000m\000e\000m\000b\000r\000e\000s}{section.5.13}% 86
\BOOKMARK [3][-]{subsubsection.5.13.3.1}{\376\377\0005\000.\0001\0003\000.\0003\000.\0001\000\040\000V\000a\000l\000i\000d\000a\000t\000e\000P\000o\000i\000s\000i\000t\000i\000o\000n}{subsection.5.13.3}% 87
\BOOKMARK [2][-]{subsection.5.13.4}{\376\377\0005\000.\0001\0003\000.\0004\000\040\000D\000o\000c\000u\000m\000e\000n\000t\000a\000t\000i\000o\000n\000\040\000d\000e\000s\000\040\000p\000r\000o\000p\000r\000i\000\351\000t\000\351\000s}{section.5.13}% 88
\BOOKMARK [3][-]{subsubsection.5.13.4.1}{\376\377\0005\000.\0001\0003\000.\0004\000.\0001\000\040\000H\000a\000n\000d\000C\000u\000r\000s\000o\000r}{subsection.5.13.4}% 89
\BOOKMARK [3][-]{subsubsection.5.13.4.2}{\376\377\0005\000.\0001\0003\000.\0004\000.\0002\000\040\000S\000t\000a\000t\000u\000s}{subsection.5.13.4}% 90
\BOOKMARK [2][-]{subsection.5.13.5}{\376\377\0005\000.\0001\0003\000.\0005\000\040\000D\000o\000c\000u\000m\000e\000n\000t\000a\000t\000i\000o\000n\000\040\000d\000e\000s\000\040\000\351\000v\000\351\000n\000e\000m\000e\000n\000t\000s}{section.5.13}% 91
\BOOKMARK [3][-]{subsubsection.5.13.5.1}{\376\377\0005\000.\0001\0003\000.\0005\000.\0001\000\040\000A\000c\000t\000i\000o\000n\000C\000o\000m\000p\000l\000e\000t\000e\000d}{subsection.5.13.5}% 92
\BOOKMARK [3][-]{subsubsection.5.13.5.2}{\376\377\0005\000.\0001\0003\000.\0005\000.\0002\000\040\000A\000c\000t\000i\000o\000n\000E\000n\000t\000r\000y}{subsection.5.13.5}% 93
\BOOKMARK [3][-]{subsubsection.5.13.5.3}{\376\377\0005\000.\0001\0003\000.\0005\000.\0003\000\040\000A\000c\000t\000i\000o\000n\000E\000x\000i\000t}{subsection.5.13.5}% 94
\BOOKMARK [1][-]{section.5.14}{\376\377\0005\000.\0001\0004\000\040\000R\000\351\000f\000\351\000r\000e\000n\000c\000e\000\040\000d\000e\000\040\000l\000a\000\040\000c\000l\000a\000s\000s\000e\000\040\000W\000P\000F\000P\000a\000g\000e\000S\000w\000i\000t\000c\000h\000.\000H\000a\000b\000i\000t\000s}{chapter.5}% 95
\BOOKMARK [2][-]{subsection.5.14.1}{\376\377\0005\000.\0001\0004\000.\0001\000\040\000D\000o\000c\000u\000m\000e\000n\000t\000a\000t\000i\000o\000n\000\040\000d\000e\000s\000\040\000f\000o\000n\000c\000t\000i\000o\000n\000s\000\040\000m\000e\000m\000b\000r\000e\000s}{section.5.14}% 96
\BOOKMARK [3][-]{subsubsection.5.14.1.1}{\376\377\0005\000.\0001\0004\000.\0001\000.\0001\000\040\000M\000a\000p\000J\000o\000i\000n\000t\000s\000W\000i\000t\000h\000U\000I\000E\000l\000e\000m\000e\000n\000t}{subsection.5.14.1}% 97
\BOOKMARK [1][-]{section.5.15}{\376\377\0005\000.\0001\0005\000\040\000R\000\351\000f\000\351\000r\000e\000n\000c\000e\000\040\000d\000e\000\040\000l\000a\000\040\000c\000l\000a\000s\000s\000e\000\040\000W\000P\000F\000P\000a\000g\000e\000S\000w\000i\000t\000c\000h\000.\000H\000a\000n\000d\000C\000u\000r\000s\000o\000r}{chapter.5}% 98
\BOOKMARK [2][-]{subsection.5.15.1}{\376\377\0005\000.\0001\0005\000.\0001\000\040\000D\000e\000s\000c\000r\000i\000p\000t\000i\000o\000n\000\040\000d\000\351\000t\000a\000i\000l\000l\000\351\000e}{section.5.15}% 99
\BOOKMARK [2][-]{subsection.5.15.2}{\376\377\0005\000.\0001\0005\000.\0002\000\040\000D\000o\000c\000u\000m\000e\000n\000t\000a\000t\000i\000o\000n\000\040\000d\000e\000s\000\040\000f\000o\000n\000c\000t\000i\000o\000n\000s\000\040\000m\000e\000m\000b\000r\000e\000s}{section.5.15}% 100
\BOOKMARK [3][-]{subsubsection.5.15.2.1}{\376\377\0005\000.\0001\0005\000.\0002\000.\0001\000\040\000G\000e\000t\000C\000u\000r\000s\000o\000r\000P\000o\000i\000n\000t}{subsection.5.15.2}% 101
\BOOKMARK [3][-]{subsubsection.5.15.2.2}{\376\377\0005\000.\0001\0005\000.\0002\000.\0002\000\040\000I\000n\000i\000t\000i\000a\000l\000i\000z\000e\000C\000o\000m\000p\000o\000n\000e\000n\000t}{subsection.5.15.2}% 102
\BOOKMARK [3][-]{subsubsection.5.15.2.3}{\376\377\0005\000.\0001\0005\000.\0002\000.\0003\000\040\000I\000n\000i\000t\000i\000a\000l\000i\000z\000e\000C\000o\000m\000p\000o\000n\000e\000n\000t}{subsection.5.15.2}% 103
\BOOKMARK [3][-]{subsubsection.5.15.2.4}{\376\377\0005\000.\0001\0005\000.\0002\000.\0004\000\040\000I\000n\000i\000t\000i\000a\000l\000i\000z\000e\000C\000o\000m\000p\000o\000n\000e\000n\000t}{subsection.5.15.2}% 104
\BOOKMARK [3][-]{subsubsection.5.15.2.5}{\376\377\0005\000.\0001\0005\000.\0002\000.\0005\000\040\000S\000e\000t\000P\000o\000s\000i\000t\000i\000o\000n}{subsection.5.15.2}% 105
\BOOKMARK [1][-]{section.5.16}{\376\377\0005\000.\0001\0006\000\040\000R\000\351\000f\000\351\000r\000e\000n\000c\000e\000\040\000d\000e\000\040\000l\000'\000i\000n\000t\000e\000r\000f\000a\000c\000e\000\040\000J\000a\000g\000o\000a\000n\000F\000i\000s\000i\000k\000a\000.\000I\000S\000w\000i\000t\000c\000h\000a\000b\000l\000e}{chapter.5}% 106
\BOOKMARK [1][-]{section.5.17}{\376\377\0005\000.\0001\0007\000\040\000R\000\351\000f\000\351\000r\000e\000n\000c\000e\000\040\000d\000e\000\040\000l\000'\000i\000n\000t\000e\000r\000f\000a\000c\000e\000\040\000W\000P\000F\000P\000a\000g\000e\000S\000w\000i\000t\000c\000h\000.\000I\000S\000w\000i\000t\000c\000h\000a\000b\000l\000e}{chapter.5}% 107
\BOOKMARK [1][-]{section.5.18}{\376\377\0005\000.\0001\0008\000\040\000R\000\351\000f\000\351\000r\000e\000n\000c\000e\000\040\000d\000e\000\040\000l\000a\000\040\000c\000l\000a\000s\000s\000e\000\040\000W\000P\000F\000P\000a\000g\000e\000S\000w\000i\000t\000c\000h\000.\000L\000o\000a\000d\000G\000a\000m\000e}{chapter.5}% 108
\BOOKMARK [2][-]{subsection.5.18.1}{\376\377\0005\000.\0001\0008\000.\0001\000\040\000D\000e\000s\000c\000r\000i\000p\000t\000i\000o\000n\000\040\000d\000\351\000t\000a\000i\000l\000l\000\351\000e}{section.5.18}% 109
\BOOKMARK [2][-]{subsection.5.18.2}{\376\377\0005\000.\0001\0008\000.\0002\000\040\000D\000o\000c\000u\000m\000e\000n\000t\000a\000t\000i\000o\000n\000\040\000d\000e\000s\000\040\000f\000o\000n\000c\000t\000i\000o\000n\000s\000\040\000m\000e\000m\000b\000r\000e\000s}{section.5.18}% 110
\BOOKMARK [3][-]{subsubsection.5.18.2.1}{\376\377\0005\000.\0001\0008\000.\0002\000.\0001\000\040\000I\000n\000i\000t\000i\000a\000l\000i\000z\000e\000C\000o\000m\000p\000o\000n\000e\000n\000t}{subsection.5.18.2}% 111
\BOOKMARK [3][-]{subsubsection.5.18.2.2}{\376\377\0005\000.\0001\0008\000.\0002\000.\0002\000\040\000I\000n\000i\000t\000i\000a\000l\000i\000z\000e\000C\000o\000m\000p\000o\000n\000e\000n\000t}{subsection.5.18.2}% 112
\BOOKMARK [1][-]{section.5.19}{\376\377\0005\000.\0001\0009\000\040\000R\000\351\000f\000\351\000r\000e\000n\000c\000e\000\040\000d\000e\000\040\000l\000a\000\040\000c\000l\000a\000s\000s\000e\000\040\000J\000a\000g\000o\000a\000n\000F\000i\000s\000i\000k\000a\000.\000L\000o\000a\000d\000G\000a\000m\000e}{chapter.5}% 113
\BOOKMARK [1][-]{section.5.20}{\376\377\0005\000.\0002\0000\000\040\000R\000\351\000f\000\351\000r\000e\000n\000c\000e\000\040\000d\000e\000\040\000l\000a\000\040\000c\000l\000a\000s\000s\000e\000\040\000W\000P\000F\000P\000a\000g\000e\000S\000w\000i\000t\000c\000h\000.\000L\000o\000g\000i\000n}{chapter.5}% 114
\BOOKMARK [2][-]{subsection.5.20.1}{\376\377\0005\000.\0002\0000\000.\0001\000\040\000D\000e\000s\000c\000r\000i\000p\000t\000i\000o\000n\000\040\000d\000\351\000t\000a\000i\000l\000l\000\351\000e}{section.5.20}% 115
\BOOKMARK [2][-]{subsection.5.20.2}{\376\377\0005\000.\0002\0000\000.\0002\000\040\000D\000o\000c\000u\000m\000e\000n\000t\000a\000t\000i\000o\000n\000\040\000d\000e\000s\000\040\000f\000o\000n\000c\000t\000i\000o\000n\000s\000\040\000m\000e\000m\000b\000r\000e\000s}{section.5.20}% 116
\BOOKMARK [3][-]{subsubsection.5.20.2.1}{\376\377\0005\000.\0002\0000\000.\0002\000.\0001\000\040\000I\000n\000i\000t\000i\000a\000l\000i\000z\000e\000C\000o\000m\000p\000o\000n\000e\000n\000t}{subsection.5.20.2}% 117
\BOOKMARK [1][-]{section.5.21}{\376\377\0005\000.\0002\0001\000\040\000R\000\351\000f\000\351\000r\000e\000n\000c\000e\000\040\000d\000e\000\040\000l\000a\000\040\000c\000l\000a\000s\000s\000e\000\040\000J\000a\000g\000o\000a\000n\000F\000i\000s\000i\000k\000a\000.\000L\000o\000g\000i\000n}{chapter.5}% 118
\BOOKMARK [2][-]{subsection.5.21.1}{\376\377\0005\000.\0002\0001\000.\0001\000\040\000D\000e\000s\000c\000r\000i\000p\000t\000i\000o\000n\000\040\000d\000\351\000t\000a\000i\000l\000l\000\351\000e}{section.5.21}% 119
\BOOKMARK [1][-]{section.5.22}{\376\377\0005\000.\0002\0002\000\040\000R\000\351\000f\000\351\000r\000e\000n\000c\000e\000\040\000d\000e\000\040\000l\000a\000\040\000c\000l\000a\000s\000s\000e\000\040\000W\000P\000F\000P\000a\000g\000e\000S\000w\000i\000t\000c\000h\000.\000M\000a\000i\000n\000I\000n\000t\000e\000r\000f\000a\000c\000e}{chapter.5}% 120
\BOOKMARK [2][-]{subsection.5.22.1}{\376\377\0005\000.\0002\0002\000.\0001\000\040\000D\000e\000s\000c\000r\000i\000p\000t\000i\000o\000n\000\040\000d\000\351\000t\000a\000i\000l\000l\000\351\000e}{section.5.22}% 121
\BOOKMARK [2][-]{subsection.5.22.2}{\376\377\0005\000.\0002\0002\000.\0002\000\040\000D\000o\000c\000u\000m\000e\000n\000t\000a\000t\000i\000o\000n\000\040\000d\000e\000s\000\040\000c\000o\000n\000s\000t\000r\000u\000c\000t\000e\000u\000r\000s\000\040\000e\000t\000\040\000d\000e\000s\000t\000r\000u\000c\000t\000e\000u\000r}{section.5.22}% 122
\BOOKMARK [3][-]{subsubsection.5.22.2.1}{\376\377\0005\000.\0002\0002\000.\0002\000.\0001\000\040\000M\000a\000i\000n\000I\000n\000t\000e\000r\000f\000a\000c\000e}{subsection.5.22.2}% 123
\BOOKMARK [2][-]{subsection.5.22.3}{\376\377\0005\000.\0002\0002\000.\0003\000\040\000D\000o\000c\000u\000m\000e\000n\000t\000a\000t\000i\000o\000n\000\040\000d\000e\000s\000\040\000f\000o\000n\000c\000t\000i\000o\000n\000s\000\040\000m\000e\000m\000b\000r\000e\000s}{section.5.22}% 124
\BOOKMARK [3][-]{subsubsection.5.22.3.1}{\376\377\0005\000.\0002\0002\000.\0003\000.\0001\000\040\000I\000n\000i\000t\000i\000a\000l\000i\000z\000e\000C\000o\000m\000p\000o\000n\000e\000n\000t}{subsection.5.22.3}% 125
\BOOKMARK [3][-]{subsubsection.5.22.3.2}{\376\377\0005\000.\0002\0002\000.\0003\000.\0002\000\040\000I\000n\000i\000t\000i\000a\000l\000i\000z\000e\000C\000o\000m\000p\000o\000n\000e\000n\000t}{subsection.5.22.3}% 126
\BOOKMARK [3][-]{subsubsection.5.22.3.3}{\376\377\0005\000.\0002\0002\000.\0003\000.\0003\000\040\000I\000n\000i\000t\000i\000a\000l\000i\000z\000e\000C\000o\000m\000p\000o\000n\000e\000n\000t}{subsection.5.22.3}% 127
\BOOKMARK [3][-]{subsubsection.5.22.3.4}{\376\377\0005\000.\0002\0002\000.\0003\000.\0004\000\040\000M\000a\000i\000n\000W\000i\000n\000d\000o\000w\000\137\000L\000o\000a\000d\000e\000d}{subsection.5.22.3}% 128
\BOOKMARK [3][-]{subsubsection.5.22.3.5}{\376\377\0005\000.\0002\0002\000.\0003\000.\0005\000\040\000s\000e\000t\000I\000m\000g}{subsection.5.22.3}% 129
\BOOKMARK [2][-]{subsection.5.22.4}{\376\377\0005\000.\0002\0002\000.\0004\000\040\000D\000o\000c\000u\000m\000e\000n\000t\000a\000t\000i\000o\000n\000\040\000d\000e\000s\000\040\000p\000r\000o\000p\000r\000i\000\351\000t\000\351\000s}{section.5.22}% 130
\BOOKMARK [3][-]{subsubsection.5.22.4.1}{\376\377\0005\000.\0002\0002\000.\0004\000.\0001\000\040\000C\000h\000a\000p\000e\000a\000u\000S\000e\000l\000e\000c\000t\000i\000o\000n\000n\000e}{subsection.5.22.4}% 131
\BOOKMARK [3][-]{subsubsection.5.22.4.2}{\376\377\0005\000.\0002\0002\000.\0004\000.\0002\000\040\000S\000t\000a\000t\000u\000s}{subsection.5.22.4}% 132
\BOOKMARK [3][-]{subsubsection.5.22.4.3}{\376\377\0005\000.\0002\0002\000.\0004\000.\0003\000\040\000V\000e\000t\000e\000m\000e\000n\000t\000S\000e\000l\000e\000c\000t\000i\000o\000n\000n\000e}{subsection.5.22.4}% 133
\BOOKMARK [1][-]{section.5.23}{\376\377\0005\000.\0002\0003\000\040\000R\000\351\000f\000\351\000r\000e\000n\000c\000e\000\040\000d\000e\000\040\000l\000a\000\040\000c\000l\000a\000s\000s\000e\000\040\000J\000a\000g\000o\000a\000n\000F\000i\000s\000i\000k\000a\000.\000M\000a\000i\000n\000M\000e\000n\000u}{chapter.5}% 134
\BOOKMARK [1][-]{section.5.24}{\376\377\0005\000.\0002\0004\000\040\000R\000\351\000f\000\351\000r\000e\000n\000c\000e\000\040\000d\000e\000\040\000l\000a\000\040\000c\000l\000a\000s\000s\000e\000\040\000W\000P\000F\000P\000a\000g\000e\000S\000w\000i\000t\000c\000h\000.\000M\000a\000i\000n\000M\000e\000n\000u}{chapter.5}% 135
\BOOKMARK [2][-]{subsection.5.24.1}{\376\377\0005\000.\0002\0004\000.\0001\000\040\000D\000e\000s\000c\000r\000i\000p\000t\000i\000o\000n\000\040\000d\000\351\000t\000a\000i\000l\000l\000\351\000e}{section.5.24}% 136
\BOOKMARK [2][-]{subsection.5.24.2}{\376\377\0005\000.\0002\0004\000.\0002\000\040\000D\000o\000c\000u\000m\000e\000n\000t\000a\000t\000i\000o\000n\000\040\000d\000e\000s\000\040\000f\000o\000n\000c\000t\000i\000o\000n\000s\000\040\000m\000e\000m\000b\000r\000e\000s}{section.5.24}% 137
\BOOKMARK [3][-]{subsubsection.5.24.2.1}{\376\377\0005\000.\0002\0004\000.\0002\000.\0001\000\040\000I\000n\000i\000t\000i\000a\000l\000i\000z\000e\000C\000o\000m\000p\000o\000n\000e\000n\000t}{subsection.5.24.2}% 138
\BOOKMARK [3][-]{subsubsection.5.24.2.2}{\376\377\0005\000.\0002\0004\000.\0002\000.\0002\000\040\000I\000n\000i\000t\000i\000a\000l\000i\000z\000e\000C\000o\000m\000p\000o\000n\000e\000n\000t}{subsection.5.24.2}% 139
\BOOKMARK [1][-]{section.5.25}{\376\377\0005\000.\0002\0005\000\040\000R\000\351\000f\000\351\000r\000e\000n\000c\000e\000\040\000d\000e\000\040\000l\000a\000\040\000c\000l\000a\000s\000s\000e\000\040\000W\000P\000F\000P\000a\000g\000e\000S\000w\000i\000t\000c\000h\000.\000M\000a\000i\000n\000W\000i\000n\000d\000o\000w}{chapter.5}% 140
\BOOKMARK [2][-]{subsection.5.25.1}{\376\377\0005\000.\0002\0005\000.\0001\000\040\000D\000e\000s\000c\000r\000i\000p\000t\000i\000o\000n\000\040\000d\000\351\000t\000a\000i\000l\000l\000\351\000e}{section.5.25}% 141
\BOOKMARK [2][-]{subsection.5.25.2}{\376\377\0005\000.\0002\0005\000.\0002\000\040\000D\000o\000c\000u\000m\000e\000n\000t\000a\000t\000i\000o\000n\000\040\000d\000e\000s\000\040\000f\000o\000n\000c\000t\000i\000o\000n\000s\000\040\000m\000e\000m\000b\000r\000e\000s}{section.5.25}% 142
\BOOKMARK [3][-]{subsubsection.5.25.2.1}{\376\377\0005\000.\0002\0005\000.\0002\000.\0001\000\040\000I\000n\000i\000t\000i\000a\000l\000i\000z\000e\000C\000o\000m\000p\000o\000n\000e\000n\000t}{subsection.5.25.2}% 143
\BOOKMARK [1][-]{section.5.26}{\376\377\0005\000.\0002\0006\000\040\000R\000\351\000f\000\351\000r\000e\000n\000c\000e\000\040\000d\000e\000\040\000l\000a\000\040\000c\000l\000a\000s\000s\000e\000\040\000J\000a\000g\000o\000a\000n\000F\000i\000s\000i\000k\000a\000.\000O\000p\000t\000i\000o\000n}{chapter.5}% 144
\BOOKMARK [1][-]{section.5.27}{\376\377\0005\000.\0002\0007\000\040\000R\000\351\000f\000\351\000r\000e\000n\000c\000e\000\040\000d\000e\000\040\000l\000a\000\040\000c\000l\000a\000s\000s\000e\000\040\000W\000P\000F\000P\000a\000g\000e\000S\000w\000i\000t\000c\000h\000.\000O\000p\000t\000i\000o\000n}{chapter.5}% 145
\BOOKMARK [2][-]{subsection.5.27.1}{\376\377\0005\000.\0002\0007\000.\0001\000\040\000D\000e\000s\000c\000r\000i\000p\000t\000i\000o\000n\000\040\000d\000\351\000t\000a\000i\000l\000l\000\351\000e}{section.5.27}% 146
\BOOKMARK [2][-]{subsection.5.27.2}{\376\377\0005\000.\0002\0007\000.\0002\000\040\000D\000o\000c\000u\000m\000e\000n\000t\000a\000t\000i\000o\000n\000\040\000d\000e\000s\000\040\000c\000o\000n\000s\000t\000r\000u\000c\000t\000e\000u\000r\000s\000\040\000e\000t\000\040\000d\000e\000s\000t\000r\000u\000c\000t\000e\000u\000r}{section.5.27}% 147
\BOOKMARK [3][-]{subsubsection.5.27.2.1}{\376\377\0005\000.\0002\0007\000.\0002\000.\0001\000\040\000O\000p\000t\000i\000o\000n}{subsection.5.27.2}% 148
\BOOKMARK [2][-]{subsection.5.27.3}{\376\377\0005\000.\0002\0007\000.\0003\000\040\000D\000o\000c\000u\000m\000e\000n\000t\000a\000t\000i\000o\000n\000\040\000d\000e\000s\000\040\000f\000o\000n\000c\000t\000i\000o\000n\000s\000\040\000m\000e\000m\000b\000r\000e\000s}{section.5.27}% 149
\BOOKMARK [3][-]{subsubsection.5.27.3.1}{\376\377\0005\000.\0002\0007\000.\0003\000.\0001\000\040\000g\000e\000t\000C\000o\000n\000f\000i\000g}{subsection.5.27.3}% 150
\BOOKMARK [3][-]{subsubsection.5.27.3.2}{\376\377\0005\000.\0002\0007\000.\0003\000.\0002\000\040\000g\000e\000t\000I\000n\000s\000t\000a\000n\000c\000e}{subsection.5.27.3}% 151
\BOOKMARK [3][-]{subsubsection.5.27.3.3}{\376\377\0005\000.\0002\0007\000.\0003\000.\0003\000\040\000I\000n\000i\000t\000i\000a\000l\000i\000z\000e\000C\000o\000m\000p\000o\000n\000e\000n\000t}{subsection.5.27.3}% 152
\BOOKMARK [3][-]{subsubsection.5.27.3.4}{\376\377\0005\000.\0002\0007\000.\0003\000.\0004\000\040\000I\000n\000i\000t\000i\000a\000l\000i\000z\000e\000C\000o\000m\000p\000o\000n\000e\000n\000t}{subsection.5.27.3}% 153
\BOOKMARK [3][-]{subsubsection.5.27.3.5}{\376\377\0005\000.\0002\0007\000.\0003\000.\0005\000\040\000r\000o\000t\000a\000t\000e\000\137\000l\000e\000f\000t}{subsection.5.27.3}% 154
\BOOKMARK [3][-]{subsubsection.5.27.3.6}{\376\377\0005\000.\0002\0007\000.\0003\000.\0006\000\040\000r\000o\000t\000a\000t\000e\000\137\000r\000i\000g\000h\000t}{subsection.5.27.3}% 155
\BOOKMARK [1][-]{section.5.28}{\376\377\0005\000.\0002\0008\000\040\000R\000\351\000f\000\351\000r\000e\000n\000c\000e\000\040\000d\000e\000\040\000l\000a\000\040\000c\000l\000a\000s\000s\000e\000\040\000W\000P\000F\000P\000a\000g\000e\000S\000w\000i\000t\000c\000h\000.\000P\000a\000g\000e\000S\000w\000i\000t\000c\000h\000e\000r}{chapter.5}% 156
\BOOKMARK [2][-]{subsection.5.28.1}{\376\377\0005\000.\0002\0008\000.\0001\000\040\000D\000e\000s\000c\000r\000i\000p\000t\000i\000o\000n\000\040\000d\000\351\000t\000a\000i\000l\000l\000\351\000e}{section.5.28}% 157
\BOOKMARK [2][-]{subsection.5.28.2}{\376\377\0005\000.\0002\0008\000.\0002\000\040\000D\000o\000c\000u\000m\000e\000n\000t\000a\000t\000i\000o\000n\000\040\000d\000e\000s\000\040\000c\000o\000n\000s\000t\000r\000u\000c\000t\000e\000u\000r\000s\000\040\000e\000t\000\040\000d\000e\000s\000t\000r\000u\000c\000t\000e\000u\000r}{section.5.28}% 158
\BOOKMARK [3][-]{subsubsection.5.28.2.1}{\376\377\0005\000.\0002\0008\000.\0002\000.\0001\000\040\000P\000a\000g\000e\000S\000w\000i\000t\000c\000h\000e\000r}{subsection.5.28.2}% 159
\BOOKMARK [2][-]{subsection.5.28.3}{\376\377\0005\000.\0002\0008\000.\0003\000\040\000D\000o\000c\000u\000m\000e\000n\000t\000a\000t\000i\000o\000n\000\040\000d\000e\000s\000\040\000f\000o\000n\000c\000t\000i\000o\000n\000s\000\040\000m\000e\000m\000b\000r\000e\000s}{section.5.28}% 160
\BOOKMARK [3][-]{subsubsection.5.28.3.1}{\376\377\0005\000.\0002\0008\000.\0003\000.\0001\000\040\000I\000n\000i\000t\000i\000a\000l\000i\000z\000e\000C\000o\000m\000p\000o\000n\000e\000n\000t}{subsection.5.28.3}% 161
\BOOKMARK [3][-]{subsubsection.5.28.3.2}{\376\377\0005\000.\0002\0008\000.\0003\000.\0002\000\040\000I\000n\000i\000t\000i\000a\000l\000i\000z\000e\000C\000o\000m\000p\000o\000n\000e\000n\000t}{subsection.5.28.3}% 162
\BOOKMARK [3][-]{subsubsection.5.28.3.3}{\376\377\0005\000.\0002\0008\000.\0003\000.\0003\000\040\000N\000a\000v\000i\000g\000a\000t\000e}{subsection.5.28.3}% 163
\BOOKMARK [3][-]{subsubsection.5.28.3.4}{\376\377\0005\000.\0002\0008\000.\0003\000.\0004\000\040\000N\000a\000v\000i\000g\000a\000t\000e}{subsection.5.28.3}% 164
\BOOKMARK [1][-]{section.5.29}{\376\377\0005\000.\0002\0009\000\040\000R\000\351\000f\000\351\000r\000e\000n\000c\000e\000\040\000d\000e\000\040\000l\000a\000\040\000c\000l\000a\000s\000s\000e\000\040\000J\000a\000g\000o\000a\000n\000F\000i\000s\000i\000k\000a\000.\000P\000a\000g\000e\000S\000w\000i\000t\000c\000h\000e\000r}{chapter.5}% 165
\BOOKMARK [2][-]{subsection.5.29.1}{\376\377\0005\000.\0002\0009\000.\0001\000\040\000D\000e\000s\000c\000r\000i\000p\000t\000i\000o\000n\000\040\000d\000\351\000t\000a\000i\000l\000l\000\351\000e}{section.5.29}% 166
\BOOKMARK [1][-]{section.5.30}{\376\377\0005\000.\0003\0000\000\040\000R\000\351\000f\000\351\000r\000e\000n\000c\000e\000\040\000d\000e\000\040\000l\000a\000\040\000c\000l\000a\000s\000s\000e\000\040\000J\000a\000g\000o\000a\000n\000F\000i\000s\000i\000k\000a\000.\000R\000e\000g\000i\000s\000t\000e\000r}{chapter.5}% 167
\BOOKMARK [2][-]{subsection.5.30.1}{\376\377\0005\000.\0003\0000\000.\0001\000\040\000D\000e\000s\000c\000r\000i\000p\000t\000i\000o\000n\000\040\000d\000\351\000t\000a\000i\000l\000l\000\351\000e}{section.5.30}% 168
\BOOKMARK [1][-]{section.5.31}{\376\377\0005\000.\0003\0001\000\040\000R\000\351\000f\000\351\000r\000e\000n\000c\000e\000\040\000d\000e\000\040\000l\000a\000\040\000c\000l\000a\000s\000s\000e\000\040\000W\000P\000F\000P\000a\000g\000e\000S\000w\000i\000t\000c\000h\000.\000R\000e\000g\000i\000s\000t\000e\000r}{chapter.5}% 169
\BOOKMARK [2][-]{subsection.5.31.1}{\376\377\0005\000.\0003\0001\000.\0001\000\040\000D\000e\000s\000c\000r\000i\000p\000t\000i\000o\000n\000\040\000d\000\351\000t\000a\000i\000l\000l\000\351\000e}{section.5.31}% 170
\BOOKMARK [2][-]{subsection.5.31.2}{\376\377\0005\000.\0003\0001\000.\0002\000\040\000D\000o\000c\000u\000m\000e\000n\000t\000a\000t\000i\000o\000n\000\040\000d\000e\000s\000\040\000f\000o\000n\000c\000t\000i\000o\000n\000s\000\040\000m\000e\000m\000b\000r\000e\000s}{section.5.31}% 171
\BOOKMARK [3][-]{subsubsection.5.31.2.1}{\376\377\0005\000.\0003\0001\000.\0002\000.\0001\000\040\000I\000n\000i\000t\000i\000a\000l\000i\000z\000e\000C\000o\000m\000p\000o\000n\000e\000n\000t}{subsection.5.31.2}% 172
\BOOKMARK [1][-]{section.5.32}{\376\377\0005\000.\0003\0002\000\040\000R\000\351\000f\000\351\000r\000e\000n\000c\000e\000\040\000d\000e\000\040\000l\000a\000\040\000c\000l\000a\000s\000s\000e\000\040\000W\000P\000F\000P\000a\000g\000e\000S\000w\000i\000t\000c\000h\000.\000S\000c\000r\000e\000e\000n\000C\000a\000p\000t\000u\000r\000e}{chapter.5}% 173
\BOOKMARK [2][-]{subsection.5.32.1}{\376\377\0005\000.\0003\0002\000.\0001\000\040\000D\000e\000s\000c\000r\000i\000p\000t\000i\000o\000n\000\040\000d\000\351\000t\000a\000i\000l\000l\000\351\000e}{section.5.32}% 174
\BOOKMARK [2][-]{subsection.5.32.2}{\376\377\0005\000.\0003\0002\000.\0002\000\040\000D\000o\000c\000u\000m\000e\000n\000t\000a\000t\000i\000o\000n\000\040\000d\000e\000s\000\040\000f\000o\000n\000c\000t\000i\000o\000n\000s\000\040\000m\000e\000m\000b\000r\000e\000s}{section.5.32}% 175
\BOOKMARK [3][-]{subsubsection.5.32.2.1}{\376\377\0005\000.\0003\0002\000.\0002\000.\0001\000\040\000C\000a\000p\000t\000u\000r\000e\000r\000B\000u\000r\000e\000a\000u\000W\000i\000n\000d\000o\000w\000s}{subsection.5.32.2}% 176
\BOOKMARK [3][-]{subsubsection.5.32.2.2}{\376\377\0005\000.\0003\0002\000.\0002\000.\0002\000\040\000E\000n\000r\000e\000g\000i\000s\000t\000r\000e\000C\000a\000p\000t\000u\000r\000e\000B\000u\000r\000e\000a\000u}{subsection.5.32.2}% 177
\BOOKMARK [1][-]{section.5.33}{\376\377\0005\000.\0003\0003\000\040\000R\000\351\000f\000\351\000r\000e\000n\000c\000e\000\040\000d\000e\000\040\000l\000a\000\040\000c\000l\000a\000s\000s\000e\000\040\000W\000P\000F\000P\000a\000g\000e\000S\000w\000i\000t\000c\000h\000.\000S\000k\000e\000l\000e\000t\000o\000n\000I\000n\000f\000o}{chapter.5}% 178
\BOOKMARK [2][-]{subsection.5.33.1}{\376\377\0005\000.\0003\0003\000.\0001\000\040\000D\000e\000s\000c\000r\000i\000p\000t\000i\000o\000n\000\040\000d\000\351\000t\000a\000i\000l\000l\000\351\000e}{section.5.33}% 179
\BOOKMARK [2][-]{subsection.5.33.2}{\376\377\0005\000.\0003\0003\000.\0002\000\040\000D\000o\000c\000u\000m\000e\000n\000t\000a\000t\000i\000o\000n\000\040\000d\000e\000s\000\040\000p\000r\000o\000p\000r\000i\000\351\000t\000\351\000s}{section.5.33}% 180
\BOOKMARK [3][-]{subsubsection.5.33.2.1}{\376\377\0005\000.\0003\0003\000.\0002\000.\0001\000\040\000F\000r\000a\000m\000e\000I\000D}{subsection.5.33.2}% 181
\BOOKMARK [3][-]{subsubsection.5.33.2.2}{\376\377\0005\000.\0003\0003\000.\0002\000.\0002\000\040\000S\000k\000e\000l\000e\000t\000o\000n}{subsection.5.33.2}% 182
\BOOKMARK [1][-]{section.5.34}{\376\377\0005\000.\0003\0004\000\040\000R\000\351\000f\000\351\000r\000e\000n\000c\000e\000\040\000d\000e\000\040\000l\000a\000\040\000c\000l\000a\000s\000s\000e\000\040\000W\000P\000F\000P\000a\000g\000e\000S\000w\000i\000t\000c\000h\000.\000M\000e\000n\000u\000.\000W\000i\000n\000d\000o\000w\0001}{chapter.5}% 183
\BOOKMARK [2][-]{subsection.5.34.1}{\376\377\0005\000.\0003\0004\000.\0001\000\040\000D\000e\000s\000c\000r\000i\000p\000t\000i\000o\000n\000\040\000d\000\351\000t\000a\000i\000l\000l\000\351\000e}{section.5.34}% 184
\BOOKMARK [2][-]{subsection.5.34.2}{\376\377\0005\000.\0003\0004\000.\0002\000\040\000D\000o\000c\000u\000m\000e\000n\000t\000a\000t\000i\000o\000n\000\040\000d\000e\000s\000\040\000f\000o\000n\000c\000t\000i\000o\000n\000s\000\040\000m\000e\000m\000b\000r\000e\000s}{section.5.34}% 185
\BOOKMARK [3][-]{subsubsection.5.34.2.1}{\376\377\0005\000.\0003\0004\000.\0002\000.\0001\000\040\000I\000n\000i\000t\000i\000a\000l\000i\000z\000e\000C\000o\000m\000p\000o\000n\000e\000n\000t}{subsection.5.34.2}% 186
\BOOKMARK [1][-]{section.5.35}{\376\377\0005\000.\0003\0005\000\040\000R\000\351\000f\000\351\000r\000e\000n\000c\000e\000\040\000d\000e\000\040\000l\000a\000\040\000c\000l\000a\000s\000s\000e\000\040\000W\000P\000F\000P\000a\000g\000e\000S\000w\000i\000t\000c\000h\000.\000W\000i\000n\000d\000o\000w\0001}{chapter.5}% 187
\BOOKMARK [2][-]{subsection.5.35.1}{\376\377\0005\000.\0003\0005\000.\0001\000\040\000D\000e\000s\000c\000r\000i\000p\000t\000i\000o\000n\000\040\000d\000\351\000t\000a\000i\000l\000l\000\351\000e}{section.5.35}% 188
\BOOKMARK [2][-]{subsection.5.35.2}{\376\377\0005\000.\0003\0005\000.\0002\000\040\000D\000o\000c\000u\000m\000e\000n\000t\000a\000t\000i\000o\000n\000\040\000d\000e\000s\000\040\000f\000o\000n\000c\000t\000i\000o\000n\000s\000\040\000m\000e\000m\000b\000r\000e\000s}{section.5.35}% 189
\BOOKMARK [3][-]{subsubsection.5.35.2.1}{\376\377\0005\000.\0003\0005\000.\0002\000.\0001\000\040\000I\000n\000i\000t\000i\000a\000l\000i\000z\000e\000C\000o\000m\000p\000o\000n\000e\000n\000t}{subsection.5.35.2}% 190
